[0.589s] DEBUG:colcon:Command line arguments: ['/usr/bin/colcon', 'build']
[0.590s] DEBUG:colcon:Parsed command line arguments: Namespace(log_base=None, log_level=None, verb_name='build', build_base='build', install_base='install', merge_install=False, symlink_install=False, test_result_base=None, continue_on_error=False, executor='parallel', parallel_workers=8, event_handlers=None, ignore_user_meta=False, metas=['./colcon.meta'], base_paths=['.'], packages_ignore=None, packages_ignore_regex=None, paths=None, packages_up_to=None, packages_up_to_regex=None, packages_above=None, packages_above_and_dependencies=None, packages_above_depth=None, packages_select_by_dep=None, packages_skip_by_dep=None, packages_skip_up_to=None, packages_select_build_failed=False, packages_skip_build_finished=False, packages_select_test_failures=False, packages_skip_test_passed=False, packages_select=None, packages_skip=None, packages_select_regex=None, packages_skip_regex=None, packages_start=None, packages_end=None, allow_overriding=[], cmake_args=None, cmake_target=None, cmake_target_skip_unavailable=False, cmake_clean_cache=False, cmake_clean_first=False, cmake_force_configure=False, ament_cmake_args=None, catkin_cmake_args=None, catkin_skip_building_tests=False, verb_parser=<colcon_defaults.argument_parser.defaults.DefaultArgumentsDecorator object at 0x7f156d68e650>, verb_extension=<colcon_core.verb.build.BuildVerb object at 0x7f156dc3beb0>, main=<bound method BuildVerb.main of <colcon_core.verb.build.BuildVerb object at 0x7f156dc3beb0>>)
[0.621s] Level 1:colcon.colcon_core.package_discovery:discover_packages(colcon_meta) check parameters
[0.621s] Level 1:colcon.colcon_core.package_discovery:discover_packages(recursive) check parameters
[0.621s] Level 1:colcon.colcon_core.package_discovery:discover_packages(ignore) check parameters
[0.621s] Level 1:colcon.colcon_core.package_discovery:discover_packages(path) check parameters
[0.621s] Level 1:colcon.colcon_core.package_discovery:discover_packages(colcon_meta) discover
[0.621s] Level 1:colcon.colcon_core.package_discovery:discover_packages(recursive) discover
[0.621s] INFO:colcon.colcon_core.package_discovery:Crawling recursively for packages in '/home/mahfuz/r2_ws'
[0.622s] Level 1:colcon.colcon_core.package_identification:_identify(.) by extensions ['ignore', 'ignore_ament_install']
[0.622s] Level 1:colcon.colcon_core.package_identification:_identify(.) by extension 'ignore'
[0.622s] Level 1:colcon.colcon_core.package_identification:_identify(.) by extension 'ignore_ament_install'
[0.622s] Level 1:colcon.colcon_core.package_identification:_identify(.) by extensions ['colcon_pkg']
[0.622s] Level 1:colcon.colcon_core.package_identification:_identify(.) by extension 'colcon_pkg'
[0.622s] Level 1:colcon.colcon_core.package_identification:_identify(.) by extensions ['colcon_meta']
[0.622s] Level 1:colcon.colcon_core.package_identification:_identify(.) by extension 'colcon_meta'
[0.622s] Level 1:colcon.colcon_core.package_identification:_identify(.) by extensions ['ros']
[0.622s] Level 1:colcon.colcon_core.package_identification:_identify(.) by extension 'ros'
[0.632s] Level 1:colcon.colcon_core.package_identification:_identify(.) by extensions ['cmake', 'python']
[0.632s] Level 1:colcon.colcon_core.package_identification:_identify(.) by extension 'cmake'
[0.632s] Level 1:colcon.colcon_core.package_identification:_identify(.) by extension 'python'
[0.632s] Level 1:colcon.colcon_core.package_identification:_identify(.) by extensions ['python_setup_py']
[0.632s] Level 1:colcon.colcon_core.package_identification:_identify(.) by extension 'python_setup_py'
[0.632s] Level 1:colcon.colcon_core.package_identification:_identify(build) by extensions ['ignore', 'ignore_ament_install']
[0.632s] Level 1:colcon.colcon_core.package_identification:_identify(build) by extension 'ignore'
[0.633s] Level 1:colcon.colcon_core.package_identification:_identify(build) ignored
[0.633s] Level 1:colcon.colcon_core.package_identification:_identify(install) by extensions ['ignore', 'ignore_ament_install']
[0.633s] Level 1:colcon.colcon_core.package_identification:_identify(install) by extension 'ignore'
[0.633s] Level 1:colcon.colcon_core.package_identification:_identify(install) ignored
[0.633s] Level 1:colcon.colcon_core.package_identification:_identify(log) by extensions ['ignore', 'ignore_ament_install']
[0.633s] Level 1:colcon.colcon_core.package_identification:_identify(log) by extension 'ignore'
[0.633s] Level 1:colcon.colcon_core.package_identification:_identify(log) ignored
[0.633s] Level 1:colcon.colcon_core.package_identification:_identify(src) by extensions ['ignore', 'ignore_ament_install']
[0.633s] Level 1:colcon.colcon_core.package_identification:_identify(src) by extension 'ignore'
[0.633s] Level 1:colcon.colcon_core.package_identification:_identify(src) by extension 'ignore_ament_install'
[0.633s] Level 1:colcon.colcon_core.package_identification:_identify(src) by extensions ['colcon_pkg']
[0.633s] Level 1:colcon.colcon_core.package_identification:_identify(src) by extension 'colcon_pkg'
[0.633s] Level 1:colcon.colcon_core.package_identification:_identify(src) by extensions ['colcon_meta']
[0.633s] Level 1:colcon.colcon_core.package_identification:_identify(src) by extension 'colcon_meta'
[0.633s] Level 1:colcon.colcon_core.package_identification:_identify(src) by extensions ['ros']
[0.633s] Level 1:colcon.colcon_core.package_identification:_identify(src) by extension 'ros'
[0.633s] Level 1:colcon.colcon_core.package_identification:_identify(src) by extensions ['cmake', 'python']
[0.633s] Level 1:colcon.colcon_core.package_identification:_identify(src) by extension 'cmake'
[0.634s] Level 1:colcon.colcon_core.package_identification:_identify(src) by extension 'python'
[0.634s] Level 1:colcon.colcon_core.package_identification:_identify(src) by extensions ['python_setup_py']
[0.634s] Level 1:colcon.colcon_core.package_identification:_identify(src) by extension 'python_setup_py'
[0.634s] Level 1:colcon.colcon_core.package_identification:_identify(src/articubot_one) by extensions ['ignore', 'ignore_ament_install']
[0.634s] Level 1:colcon.colcon_core.package_identification:_identify(src/articubot_one) by extension 'ignore'
[0.634s] Level 1:colcon.colcon_core.package_identification:_identify(src/articubot_one) by extension 'ignore_ament_install'
[0.634s] Level 1:colcon.colcon_core.package_identification:_identify(src/articubot_one) by extensions ['colcon_pkg']
[0.634s] Level 1:colcon.colcon_core.package_identification:_identify(src/articubot_one) by extension 'colcon_pkg'
[0.634s] Level 1:colcon.colcon_core.package_identification:_identify(src/articubot_one) by extensions ['colcon_meta']
[0.634s] Level 1:colcon.colcon_core.package_identification:_identify(src/articubot_one) by extension 'colcon_meta'
[0.634s] Level 1:colcon.colcon_core.package_identification:_identify(src/articubot_one) by extensions ['ros']
[0.634s] Level 1:colcon.colcon_core.package_identification:_identify(src/articubot_one) by extension 'ros'
[0.636s] DEBUG:colcon.colcon_core.package_identification:Package 'src/articubot_one' with type 'ros.ament_cmake' and name 'articubot_one'
[0.636s] Level 1:colcon.colcon_core.package_discovery:discover_packages(recursive) using defaults
[0.636s] Level 1:colcon.colcon_core.package_discovery:discover_packages(ignore) discover
[0.636s] Level 1:colcon.colcon_core.package_discovery:discover_packages(ignore) using defaults
[0.636s] Level 1:colcon.colcon_core.package_discovery:discover_packages(path) discover
[0.636s] Level 1:colcon.colcon_core.package_discovery:discover_packages(path) using defaults
[0.691s] Level 1:colcon.colcon_core.package_discovery:discover_packages(prefix_path) check parameters
[0.691s] Level 1:colcon.colcon_core.package_discovery:discover_packages(prefix_path) discover
[0.708s] DEBUG:colcon.colcon_installed_package_information.package_discovery:Found 1 installed packages in /home/mahfuz/r2_ws/install
[0.716s] DEBUG:colcon.colcon_installed_package_information.package_discovery:Found 3 installed packages in /home/mahfuz/ros2_ws/install
[0.724s] DEBUG:colcon.colcon_installed_package_information.package_discovery:Found 270 installed packages in /opt/ros/humble
[0.725s] Level 1:colcon.colcon_core.package_discovery:discover_packages(prefix_path) using defaults
[0.777s] Level 5:colcon.colcon_core.verb:set package 'articubot_one' build argument 'cmake_args' from command line to 'None'
[0.777s] Level 5:colcon.colcon_core.verb:set package 'articubot_one' build argument 'cmake_target' from command line to 'None'
[0.778s] Level 5:colcon.colcon_core.verb:set package 'articubot_one' build argument 'cmake_target_skip_unavailable' from command line to 'False'
[0.778s] Level 5:colcon.colcon_core.verb:set package 'articubot_one' build argument 'cmake_clean_cache' from command line to 'False'
[0.778s] Level 5:colcon.colcon_core.verb:set package 'articubot_one' build argument 'cmake_clean_first' from command line to 'False'
[0.778s] Level 5:colcon.colcon_core.verb:set package 'articubot_one' build argument 'cmake_force_configure' from command line to 'False'
[0.778s] Level 5:colcon.colcon_core.verb:set package 'articubot_one' build argument 'ament_cmake_args' from command line to 'None'
[0.778s] Level 5:colcon.colcon_core.verb:set package 'articubot_one' build argument 'catkin_cmake_args' from command line to 'None'
[0.778s] Level 5:colcon.colcon_core.verb:set package 'articubot_one' build argument 'catkin_skip_building_tests' from command line to 'False'
[0.778s] DEBUG:colcon.colcon_core.verb:Building package 'articubot_one' with the following arguments: {'ament_cmake_args': None, 'build_base': '/home/mahfuz/r2_ws/build/articubot_one', 'catkin_cmake_args': None, 'catkin_skip_building_tests': False, 'cmake_args': None, 'cmake_clean_cache': False, 'cmake_clean_first': False, 'cmake_force_configure': False, 'cmake_target': None, 'cmake_target_skip_unavailable': False, 'install_base': '/home/mahfuz/r2_ws/install/articubot_one', 'merge_install': False, 'path': '/home/mahfuz/r2_ws/src/articubot_one', 'symlink_install': False, 'test_result_base': None}
[0.785s] INFO:colcon.colcon_core.executor:Executing jobs using 'parallel' executor
[0.794s] DEBUG:colcon.colcon_parallel_executor.executor.parallel:run_until_complete
[0.794s] INFO:colcon.colcon_ros.task.ament_cmake.build:Building ROS package in '/home/mahfuz/r2_ws/src/articubot_one' with build type 'ament_cmake'
[0.794s] INFO:colcon.colcon_cmake.task.cmake.build:Building CMake package in '/home/mahfuz/r2_ws/src/articubot_one'
[0.805s] INFO:colcon.colcon_core.plugin_system:Skipping extension 'colcon_core.shell.bat': Not used on non-Windows systems
[0.805s] INFO:colcon.colcon_core.shell:Skip shell extension 'powershell' for command environment: Not usable outside of PowerShell
[0.805s] DEBUG:colcon.colcon_core.shell:Skip shell extension 'dsv' for command environment
[0.844s] DEBUG:colcon.colcon_core.event_handler.log_command:Invoking command in '/home/mahfuz/r2_ws/build/articubot_one': CMAKE_PREFIX_PATH=${CMAKE_PREFIX_PATH}:/home/mahfuz/ros2_ws/install/joy_tester:/opt/ros/humble /usr/bin/cmake /home/mahfuz/r2_ws/src/articubot_one -DCMAKE_INSTALL_PREFIX=/home/mahfuz/r2_ws/install/articubot_one
[1.002s] DEBUG:colcon.colcon_core.event_handler.log_command:Invoked command in '/home/mahfuz/r2_ws/build/articubot_one' returned '0': CMAKE_PREFIX_PATH=${CMAKE_PREFIX_PATH}:/home/mahfuz/ros2_ws/install/joy_tester:/opt/ros/humble /usr/bin/cmake /home/mahfuz/r2_ws/src/articubot_one -DCMAKE_INSTALL_PREFIX=/home/mahfuz/r2_ws/install/articubot_one
[1.004s] DEBUG:colcon.colcon_core.event_handler.log_command:Invoking command in '/home/mahfuz/r2_ws/build/articubot_one': CMAKE_PREFIX_PATH=${CMAKE_PREFIX_PATH}:/home/mahfuz/ros2_ws/install/joy_tester:/opt/ros/humble /usr/bin/cmake --build /home/mahfuz/r2_ws/build/articubot_one -- -j8 -l8
[1.027s] DEBUG:colcon.colcon_core.event_handler.log_command:Invoked command in '/home/mahfuz/r2_ws/build/articubot_one' returned '0': CMAKE_PREFIX_PATH=${CMAKE_PREFIX_PATH}:/home/mahfuz/ros2_ws/install/joy_tester:/opt/ros/humble /usr/bin/cmake --build /home/mahfuz/r2_ws/build/articubot_one -- -j8 -l8
[1.044s] DEBUG:colcon.colcon_core.event_handler.log_command:Invoking command in '/home/mahfuz/r2_ws/build/articubot_one': CMAKE_PREFIX_PATH=${CMAKE_PREFIX_PATH}:/home/mahfuz/ros2_ws/install/joy_tester:/opt/ros/humble /usr/bin/cmake --install /home/mahfuz/r2_ws/build/articubot_one
[1.060s] Level 1:colcon.colcon_core.environment:create_environment_scripts_only(articubot_one)
[1.060s] DEBUG:colcon.colcon_core.event_handler.log_command:Invoked command in '/home/mahfuz/r2_ws/build/articubot_one' returned '0': CMAKE_PREFIX_PATH=${CMAKE_PREFIX_PATH}:/home/mahfuz/ros2_ws/install/joy_tester:/opt/ros/humble /usr/bin/cmake --install /home/mahfuz/r2_ws/build/articubot_one
[1.071s] Level 1:colcon.colcon_core.environment:checking '/home/mahfuz/r2_ws/install/articubot_one' for CMake module files
[1.072s] Level 1:colcon.colcon_core.environment:checking '/home/mahfuz/r2_ws/install/articubot_one' for CMake config files
[1.072s] Level 1:colcon.colcon_core.shell:create_environment_hook('articubot_one', 'cmake_prefix_path')
[1.080s] INFO:colcon.colcon_core.shell:Creating environment hook '/home/mahfuz/r2_ws/install/articubot_one/share/articubot_one/hook/cmake_prefix_path.ps1'
[1.081s] INFO:colcon.colcon_core.shell:Creating environment descriptor '/home/mahfuz/r2_ws/install/articubot_one/share/articubot_one/hook/cmake_prefix_path.dsv'
[1.081s] INFO:colcon.colcon_core.shell:Creating environment hook '/home/mahfuz/r2_ws/install/articubot_one/share/articubot_one/hook/cmake_prefix_path.sh'
[1.082s] Level 1:colcon.colcon_core.environment:checking '/home/mahfuz/r2_ws/install/articubot_one/bin'
[1.082s] Level 1:colcon.colcon_core.environment:checking '/home/mahfuz/r2_ws/install/articubot_one/lib/pkgconfig/articubot_one.pc'
[1.082s] Level 1:colcon.colcon_core.environment:checking '/home/mahfuz/r2_ws/install/articubot_one/lib/python3.10/site-packages'
[1.082s] Level 1:colcon.colcon_core.environment:checking '/home/mahfuz/r2_ws/install/articubot_one/bin'
[1.090s] INFO:colcon.colcon_core.shell:Creating package script '/home/mahfuz/r2_ws/install/articubot_one/share/articubot_one/package.ps1'
[1.091s] INFO:colcon.colcon_core.shell:Creating package descriptor '/home/mahfuz/r2_ws/install/articubot_one/share/articubot_one/package.dsv'
[1.091s] INFO:colcon.colcon_core.shell:Creating package script '/home/mahfuz/r2_ws/install/articubot_one/share/articubot_one/package.sh'
[1.092s] INFO:colcon.colcon_core.shell:Creating package script '/home/mahfuz/r2_ws/install/articubot_one/share/articubot_one/package.bash'
[1.092s] INFO:colcon.colcon_core.shell:Creating package script '/home/mahfuz/r2_ws/install/articubot_one/share/articubot_one/package.zsh'
[1.093s] Level 1:colcon.colcon_core.environment:create_file_with_runtime_dependencies(/home/mahfuz/r2_ws/install/articubot_one/share/colcon-core/packages/articubot_one)
[1.113s] Level 1:colcon.colcon_core.environment:create_environment_scripts_only(articubot_one)
[1.122s] Level 1:colcon.colcon_core.environment:checking '/home/mahfuz/r2_ws/install/articubot_one' for CMake module files
[1.122s] Level 1:colcon.colcon_core.environment:checking '/home/mahfuz/r2_ws/install/articubot_one' for CMake config files
[1.122s] Level 1:colcon.colcon_core.shell:create_environment_hook('articubot_one', 'cmake_prefix_path')
[1.131s] INFO:colcon.colcon_core.shell:Creating environment hook '/home/mahfuz/r2_ws/install/articubot_one/share/articubot_one/hook/cmake_prefix_path.ps1'
[1.132s] INFO:colcon.colcon_core.shell:Creating environment descriptor '/home/mahfuz/r2_ws/install/articubot_one/share/articubot_one/hook/cmake_prefix_path.dsv'
[1.132s] INFO:colcon.colcon_core.shell:Creating environment hook '/home/mahfuz/r2_ws/install/articubot_one/share/articubot_one/hook/cmake_prefix_path.sh'
[1.132s] Level 1:colcon.colcon_core.environment:checking '/home/mahfuz/r2_ws/install/articubot_one/bin'
[1.132s] Level 1:colcon.colcon_core.environment:checking '/home/mahfuz/r2_ws/install/articubot_one/lib/pkgconfig/articubot_one.pc'
[1.132s] Level 1:colcon.colcon_core.environment:checking '/home/mahfuz/r2_ws/install/articubot_one/lib/python3.10/site-packages'
[1.133s] Level 1:colcon.colcon_core.environment:checking '/home/mahfuz/r2_ws/install/articubot_one/bin'
[1.141s] INFO:colcon.colcon_core.shell:Creating package script '/home/mahfuz/r2_ws/install/articubot_one/share/articubot_one/package.ps1'
[1.141s] INFO:colcon.colcon_core.shell:Creating package descriptor '/home/mahfuz/r2_ws/install/articubot_one/share/articubot_one/package.dsv'
[1.142s] INFO:colcon.colcon_core.shell:Creating package script '/home/mahfuz/r2_ws/install/articubot_one/share/articubot_one/package.sh'
[1.142s] INFO:colcon.colcon_core.shell:Creating package script '/home/mahfuz/r2_ws/install/articubot_one/share/articubot_one/package.bash'
[1.142s] INFO:colcon.colcon_core.shell:Creating package script '/home/mahfuz/r2_ws/install/articubot_one/share/articubot_one/package.zsh'
[1.142s] Level 1:colcon.colcon_core.environment:create_file_with_runtime_dependencies(/home/mahfuz/r2_ws/install/articubot_one/share/colcon-core/packages/articubot_one)
[1.142s] DEBUG:colcon.colcon_parallel_executor.executor.parallel:closing loop
[1.143s] DEBUG:colcon.colcon_parallel_executor.executor.parallel:loop closed
[1.143s] DEBUG:colcon.colcon_parallel_executor.executor.parallel:run_until_complete finished with '0'
[1.143s] DEBUG:colcon.colcon_core.event_reactor:joining thread
[1.157s] INFO:colcon.colcon_core.plugin_system:Skipping extension 'colcon_notification.desktop_notification.terminal_notifier': Not used on non-Darwin systems
[1.158s] INFO:colcon.colcon_core.plugin_system:Skipping extension 'colcon_notification.desktop_notification.win32': Not used on non-Windows systems
[1.158s] INFO:colcon.colcon_notification.desktop_notification:Sending desktop notification using 'notify2'
[1.166s] DEBUG:colcon.colcon_core.event_reactor:joined thread
[1.175s] INFO:colcon.colcon_core.shell:Creating prefix script '/home/mahfuz/r2_ws/install/local_setup.ps1'
[1.176s] INFO:colcon.colcon_core.shell:Creating prefix util module '/home/mahfuz/r2_ws/install/_local_setup_util_ps1.py'
[1.177s] INFO:colcon.colcon_core.shell:Creating prefix chain script '/home/mahfuz/r2_ws/install/setup.ps1'
[1.187s] INFO:colcon.colcon_core.shell:Creating prefix script '/home/mahfuz/r2_ws/install/local_setup.sh'
[1.187s] INFO:colcon.colcon_core.shell:Creating prefix util module '/home/mahfuz/r2_ws/install/_local_setup_util_sh.py'
[1.187s] INFO:colcon.colcon_core.shell:Creating prefix chain script '/home/mahfuz/r2_ws/install/setup.sh'
[1.197s] INFO:colcon.colcon_core.shell:Creating prefix script '/home/mahfuz/r2_ws/install/local_setup.bash'
[1.197s] INFO:colcon.colcon_core.shell:Creating prefix chain script '/home/mahfuz/r2_ws/install/setup.bash'
[1.206s] INFO:colcon.colcon_core.shell:Creating prefix script '/home/mahfuz/r2_ws/install/local_setup.zsh'
[1.207s] INFO:colcon.colcon_core.shell:Creating prefix chain script '/home/mahfuz/r2_ws/install/setup.zsh'
