[0.058s] Invoking command in '/home/mahfuz/r2_ws/build/articubot_one': CMAKE_PREFIX_PATH=${CMAKE_PREFIX_PATH}:/home/mahfuz/ros2_ws/install/joy_tester:/opt/ros/humble /usr/bin/cmake /home/mahfuz/r2_ws/src/articubot_one -DAMENT_CMAKE_SYMLINK_INSTALL=1 -DCMAKE_INSTALL_PREFIX=/home/mahfuz/r2_ws/install/articubot_one
[0.065s] -- Found ament_cmake: 1.3.6 (/opt/ros/humble/share/ament_cmake/cmake)
[0.173s] -- Override CMake install command with custom implementation using symlinks instead of copying resources
[0.179s] -- Found ament_lint_auto: 0.12.9 (/opt/ros/humble/share/ament_lint_auto/cmake)
[0.237s] -- Added test 'copyright' to check source files copyright and LICENSE
[0.239s] -- Added test 'flake8' to check Python code syntax and style conventions
[0.240s] -- Added test 'lint_cmake' to check CMake code style
[0.240s] -- Added test 'pep257' to check Python code against some of the docstring style conventions in PEP 257
[0.241s] -- Added test 'xmllint' to check XML markup files
[0.241s] -- Configuring done
[0.244s] -- Generating done
[0.244s] -- Build files have been written to: /home/mahfuz/r2_ws/build/articubot_one
[0.247s] Invoked command in '/home/mahfuz/r2_ws/build/articubot_one' returned '0': CMAKE_PREFIX_PATH=${CMAKE_PREFIX_PATH}:/home/mahfuz/ros2_ws/install/joy_tester:/opt/ros/humble /usr/bin/cmake /home/mahfuz/r2_ws/src/articubot_one -DAMENT_CMAKE_SYMLINK_INSTALL=1 -DCMAKE_INSTALL_PREFIX=/home/mahfuz/r2_ws/install/articubot_one
[0.248s] Invoking command in '/home/mahfuz/r2_ws/build/articubot_one': CMAKE_PREFIX_PATH=${CMAKE_PREFIX_PATH}:/home/mahfuz/ros2_ws/install/joy_tester:/opt/ros/humble /usr/bin/cmake --build /home/mahfuz/r2_ws/build/articubot_one -- -j8 -l8
[0.272s] Invoked command in '/home/mahfuz/r2_ws/build/articubot_one' returned '0': CMAKE_PREFIX_PATH=${CMAKE_PREFIX_PATH}:/home/mahfuz/ros2_ws/install/joy_tester:/opt/ros/humble /usr/bin/cmake --build /home/mahfuz/r2_ws/build/articubot_one -- -j8 -l8
[0.291s] Invoking command in '/home/mahfuz/r2_ws/build/articubot_one': CMAKE_PREFIX_PATH=${CMAKE_PREFIX_PATH}:/home/mahfuz/ros2_ws/install/joy_tester:/opt/ros/humble /usr/bin/cmake --install /home/mahfuz/r2_ws/build/articubot_one
[0.298s] -- Install configuration: ""
[0.298s] -- Execute custom install script
[0.298s] -- Symlinking: /home/mahfuz/r2_ws/install/articubot_one/share/articubot_one/config/drive_bot.rviz
[0.303s] -- Symlinking: /home/mahfuz/r2_ws/install/articubot_one/share/articubot_one/config/empty.yaml
[0.310s] -- Symlinking: /home/mahfuz/r2_ws/install/articubot_one/share/articubot_one/config/gaz_ros2_ctl_use_sim.yaml
[0.316s] -- Symlinking: /home/mahfuz/r2_ws/install/articubot_one/share/articubot_one/config/gazebo_params.yaml
[0.320s] -- Symlinking: /home/mahfuz/r2_ws/install/articubot_one/share/articubot_one/config/joystick.yaml
[0.325s] -- Symlinking: /home/mahfuz/r2_ws/install/articubot_one/share/articubot_one/config/main.rviz
[0.330s] -- Symlinking: /home/mahfuz/r2_ws/install/articubot_one/share/articubot_one/config/my_controllers.yaml
[0.336s] -- Symlinking: /home/mahfuz/r2_ws/install/articubot_one/share/articubot_one/config/view_bot.rviz
[0.340s] -- Symlinking: /home/mahfuz/r2_ws/install/articubot_one/share/articubot_one/description/camera.xacro
[0.345s] -- Symlinking: /home/mahfuz/r2_ws/install/articubot_one/share/articubot_one/description/depth_camera.xacro
[0.350s] -- Symlinking: /home/mahfuz/r2_ws/install/articubot_one/share/articubot_one/description/face.xacro
[0.354s] -- Symlinking: /home/mahfuz/r2_ws/install/articubot_one/share/articubot_one/description/gazebo_control.xacro
[0.359s] -- Symlinking: /home/mahfuz/r2_ws/install/articubot_one/share/articubot_one/description/inertial_macros.xacro
[0.364s] -- Symlinking: /home/mahfuz/r2_ws/install/articubot_one/share/articubot_one/description/lidar.xacro
[0.370s] -- Symlinking: /home/mahfuz/r2_ws/install/articubot_one/share/articubot_one/description/robot.urdf.xacro
[0.376s] -- Symlinking: /home/mahfuz/r2_ws/install/articubot_one/share/articubot_one/description/robot_core.xacro
[0.382s] -- Symlinking: /home/mahfuz/r2_ws/install/articubot_one/share/articubot_one/description/ros2_control.xacro
[0.388s] -- Symlinking: /home/mahfuz/r2_ws/install/articubot_one/share/articubot_one/launch/camera.launch.py
[0.395s] -- Symlinking: /home/mahfuz/r2_ws/install/articubot_one/share/articubot_one/launch/joystick.launch.py
[0.402s] -- Symlinking: /home/mahfuz/r2_ws/install/articubot_one/share/articubot_one/launch/launch_robot.launch.py
[0.409s] -- Symlinking: /home/mahfuz/r2_ws/install/articubot_one/share/articubot_one/launch/launch_sim.launch.py
[0.415s] -- Symlinking: /home/mahfuz/r2_ws/install/articubot_one/share/articubot_one/launch/rplidar.launch.py
[0.419s] -- Symlinking: /home/mahfuz/r2_ws/install/articubot_one/share/articubot_one/launch/rsp.launch.py
[0.424s] -- Symlinking: /home/mahfuz/r2_ws/install/articubot_one/share/articubot_one/worlds/empty.world
[0.430s] -- Symlinking: /home/mahfuz/r2_ws/install/articubot_one/share/articubot_one/worlds/obstacles.world
[0.435s] -- Symlinking: /home/mahfuz/r2_ws/install/articubot_one/share/ament_index/resource_index/package_run_dependencies/articubot_one
[0.440s] -- Symlinking: /home/mahfuz/r2_ws/install/articubot_one/share/ament_index/resource_index/parent_prefix_path/articubot_one
[0.445s] -- Symlinking: /home/mahfuz/r2_ws/install/articubot_one/share/articubot_one/environment/ament_prefix_path.sh
[0.450s] -- Symlinking: /home/mahfuz/r2_ws/install/articubot_one/share/articubot_one/environment/ament_prefix_path.dsv
[0.455s] -- Symlinking: /home/mahfuz/r2_ws/install/articubot_one/share/articubot_one/environment/path.sh
[0.460s] -- Symlinking: /home/mahfuz/r2_ws/install/articubot_one/share/articubot_one/environment/path.dsv
[0.465s] -- Symlinking: /home/mahfuz/r2_ws/install/articubot_one/share/articubot_one/local_setup.bash
[0.470s] -- Symlinking: /home/mahfuz/r2_ws/install/articubot_one/share/articubot_one/local_setup.sh
[0.475s] -- Symlinking: /home/mahfuz/r2_ws/install/articubot_one/share/articubot_one/local_setup.zsh
[0.480s] -- Symlinking: /home/mahfuz/r2_ws/install/articubot_one/share/articubot_one/local_setup.dsv
[0.485s] -- Symlinking: /home/mahfuz/r2_ws/install/articubot_one/share/articubot_one/package.dsv
[0.489s] -- Symlinking: /home/mahfuz/r2_ws/install/articubot_one/share/ament_index/resource_index/packages/articubot_one
[0.495s] -- Symlinking: /home/mahfuz/r2_ws/install/articubot_one/share/articubot_one/cmake/articubot_oneConfig.cmake
[0.500s] -- Symlinking: /home/mahfuz/r2_ws/install/articubot_one/share/articubot_one/cmake/articubot_oneConfig-version.cmake
[0.505s] -- Symlinking: /home/mahfuz/r2_ws/install/articubot_one/share/articubot_one/package.xml
[0.512s] Invoked command in '/home/mahfuz/r2_ws/build/articubot_one' returned '0': CMAKE_PREFIX_PATH=${CMAKE_PREFIX_PATH}:/home/mahfuz/ros2_ws/install/joy_tester:/opt/ros/humble /usr/bin/cmake --install /home/mahfuz/r2_ws/build/articubot_one
